<?xml version="1.0" encoding="UTF-8"?>
<!-- Generated by org.testng.reporters.JUnitReportReporter -->
<testsuite skipped="0" hostname="LAPTOP-RK8GET98" name="com.crm.demo.CreateParameterTest" tests="1" failures="0" timestamp="2022-10-11T11:22:15 IST" time="38.178" errors="0">
  <testcase name="methodOpeningBrowser" time="38.178" classname="com.crm.demo.CreateParameterTest"/>
  <system-out/>
</testsuite> <!-- com.crm.demo.CreateParameterTest -->
