<?xml version="1.0" encoding="UTF-8"?>
<!-- Generated by org.testng.reporters.JUnitReportReporter -->
<testsuite skipped="0" hostname="LAPTOP-RK8GET98" name="com.crm.createorganization.CreateOrganization" tests="1" failures="0" timestamp="2022-10-04T11:48:38 IST" time="45.047" errors="0">
  <testcase name="createOrganization" time="45.047" classname="com.crm.createorganization.CreateOrganization"/>
  <system-out/>
</testsuite> <!-- com.crm.createorganization.CreateOrganization -->
