<?xml version="1.0" encoding="UTF-8"?>
<!-- Generated by org.testng.reporters.JUnitReportReporter -->
<testsuite skipped="0" hostname="LAPTOP-RK8GET98" name="com.crm.createorganization.CreateOrganizationTest" tests="1" failures="0" timestamp="2022-10-11T12:38:17 IST" time="46.090" errors="0">
  <testcase name="createOrganizationTest" time="46.090" classname="com.crm.createorganization.CreateOrganizationTest"/>
  <system-out/>
</testsuite> <!-- com.crm.createorganization.CreateOrganizationTest -->
