<?xml version="1.0" encoding="UTF-8"?>
<!-- Generated by org.testng.reporters.JUnitReportReporter -->
<testsuite skipped="0" hostname="LAPTOP-RK8GET98" name="practice.HardAssert" tests="2" failures="0" timestamp="2022-10-07T11:11:19 IST" time="0.018" errors="0">
  <testcase name="createCustomerTest" time="0.015" classname="practice.HardAssert"/>
  <system-out/>
  <testcase name="modifyCustomer" time="0.003" classname="practice.HardAssert"/>
  <system-out/>
</testsuite> <!-- practice.HardAssert -->
