<?xml version="1.0" encoding="UTF-8"?>
<!-- Generated by org.testng.reporters.JUnitReportReporter -->
<testsuite skipped="0" hostname="LAPTOP-RK8GET98" name="com.crm.campaign.CampaignAndProduct" tests="1" failures="0" timestamp="2022-10-04T11:50:57 IST" time="35.149" errors="0">
  <testcase name="campaignAndProduct" time="35.149" classname="com.crm.campaign.CampaignAndProduct"/>
  <system-out/>
</testsuite> <!-- com.crm.campaign.CampaignAndProduct -->
