<?xml version="1.0" encoding="UTF-8"?>
<!-- Generated by org.testng.reporters.JUnitReportReporter -->
<testsuite skipped="0" hostname="LAPTOP-RK8GET98" name="com.crm.product.CreateProductTest" tests="1" failures="0" timestamp="2022-10-07T23:11:25 IST" time="20.984" errors="0">
  <testcase name="CreateProductTest" time="20.984" classname="com.crm.product.CreateProductTest"/>
  <system-out/>
</testsuite> <!-- com.crm.product.CreateProductTest -->
