<?xml version="1.0" encoding="UTF-8"?>
<!-- Generated by org.testng.reporters.JUnitReportReporter -->
<testsuite skipped="0" hostname="LAPTOP-RK8GET98" name="com.crm.campaign.CampAndProductUsingInteratorTest" tests="1" failures="0" timestamp="2022-10-10T19:47:33 IST" time="30.069" errors="0">
  <testcase name="campAndProductUsingInteratorTest" time="30.069" classname="com.crm.campaign.CampAndProductUsingInteratorTest"/>
  <system-out/>
</testsuite> <!-- com.crm.campaign.CampAndProductUsingInteratorTest -->
