<?xml version="1.0" encoding="UTF-8"?>
<!-- Generated by org.testng.reporters.JUnitReportReporter -->
<testsuite skipped="0" hostname="LAPTOP-RK8GET98" name="com.crm.campaign.CreateCampaignTest" tests="1" failures="0" timestamp="2022-10-07T23:36:34 IST" time="24.644" errors="0">
  <testcase name="CreateCampaignTest" time="24.644" classname="com.crm.campaign.CreateCampaignTest"/>
  <system-out/>
</testsuite> <!-- com.crm.campaign.CreateCampaignTest -->
