<?xml version="1.0" encoding="UTF-8"?>
<!-- Generated by org.testng.reporters.JUnitReportReporter -->
<testsuite skipped="0" hostname="LAPTOP-RK8GET98" name="practice.SoftAssertEx" tests="2" failures="0" timestamp="2022-10-07T11:46:48 IST" time="0.021" errors="0">
  <testcase name="createCustomerTest" time="0.019" classname="practice.SoftAssertEx"/>
  <system-out/>
  <testcase name="modifyCustomer" time="0.002" classname="practice.SoftAssertEx"/>
  <system-out/>
</testsuite> <!-- practice.SoftAssertEx -->
