<?xml version="1.0" encoding="UTF-8"?>
<!-- Generated by org.testng.reporters.JUnitReportReporter -->
<testsuite skipped="0" hostname="LAPTOP-RK8GET98" name="com.crm.product.DeleteProductTest" tests="1" failures="0" timestamp="2022-10-06T14:24:29 IST" time="26.193" errors="0">
  <testcase name="deleteProductTest" time="26.193" classname="com.crm.product.DeleteProductTest"/>
  <system-out/>
</testsuite> <!-- com.crm.product.DeleteProductTest -->
